<?xml version="1.0" encoding="UTF-8"?>
<testsuite xmlns:xsi="http://www.w3.org/2001/XMLSchema-instance" xsi:noNamespaceSchemaLocation="https://maven.apache.org/surefire/maven-surefire-plugin/xsd/surefire-test-report.xsd" version="3.0.2" name="com.endava.training.tests.CalendarTests" time="161.57" tests="3" errors="0" skipped="0" failures="0">
  <properties>
[...]
</properties>
  <testcase name="timerToDate" classname="com.endava.training.tests.CalendarTests" time="48.799">
    <system-out><![CDATA[Initial Days: 72
Initial Hours: 17
Initial Minutes: 59
Initial Seconds: 12
Initial Values: Days=72, Hours=17, Minutes=59, Seconds=12
Final Values: Days=72, Hours=17, Minutes=59, Seconds=11
Has any timer field changed? true
Cerrando WebDriver...
]]></system-out>
    <system-err><![CDATA[dic 02, 2024 6:00:05 P.M. org.openqa.selenium.devtools.CdpVersionFinder findNearestMatch
WARNING: Unable to find CDP implementation matching 131
dic 02, 2024 6:00:05 P.M. org.openqa.selenium.chromium.ChromiumDriver lambda$new$5
WARNING: Unable to find version of CDP to use for 131.0.6778.86. You may need to include a dependency on a specific version of the CDP using something similar to `org.seleniumhq.selenium:selenium-devtools-v86:4.19.1` where the version ("v86") matches the version of the chromium-based browser you're using and the version number of the artifact is the same as Selenium's.
]]></system-err>
  </testcase>
  <testcase name="worldClockAlphabeticOrder" classname="com.endava.training.tests.CalendarTests" time="61.163">
    <system-out><![CDATA[Original column (1): [Accra, Addis Ababa, Adelaide *, Algiers, Almaty, Amman, Amsterdam, Anadyr, Anchorage, Ankara, Antananarivo, Asuncion, Athens, Atlanta, Auckland *, Baghdad, Bangkok, Barcelona, Beijing, Beirut, Belgrade, Bengaluru, Berlin, Bogota, Boston, Brasilia, Brisbane, Brussels, Bucharest]
Sorted column (1): [Accra, Addis Ababa, Adelaide *, Algiers, Almaty, Amman, Amsterdam, Anadyr, Anchorage, Ankara, Antananarivo, Asuncion, Athens, Atlanta, Auckland *, Baghdad, Bangkok, Barcelona, Beijing, Beirut, Belgrade, Bengaluru, Berlin, Bogota, Boston, Brasilia, Brisbane, Brussels, Bucharest]
Original column (1): [Afghanistan, Kabul, Algeria, Algiers, Argentina, Buenos Aires, Australia, Australian Capital Territory, Canberra *, Australia, New South Wales, Sydney *, Australia, Northern Territory, Darwin, Australia, Queensland, Brisbane, Australia, South Australia, Adelaide *, Australia, Victoria, Melbourne *, Australia, Western Australia, Perth, Austria, Vienna, Vienna, Bahamas, Nassau, Bangladesh, Dhaka, Belarus, Minsk, Belgium, Brussels, Brussels, Bolivia, La Paz, Brazil, Distrito Federal, Brasilia, Brazil, Rio de Janeiro, Rio de Janeiro, Brazil, São Paulo, São Paulo, Bulgaria, Sofia, Canada, Alberta, Calgary, Canada, Alberta, Edmonton, Canada, British Columbia, Vancouver, Canada, Manitoba, Winnipeg, Canada, Newfoundland and Labrador, St. John's, Canada, Nova Scotia, Halifax, Canada, Ontario, Ottawa, Canada, Ontario, Toronto, Canada, Quebec, Montréal, Chile, Santiago *, China, Beijing Municipality, Beijing, China, Shanghai Municipality, Shanghai, Colombia, Bogota, Congo Dem. Rep., Kinshasa, Croatia, Zagreb, Cuba, Havana, Czechia, Prague, Denmark, Copenhagen, Dominican Republic, Santo Domingo, Egypt, Cairo, El Salvador, San Salvador, Estonia, Tallinn, Ethiopia, Addis Ababa, Fiji, Suva, Finland, Helsinki, France, Paris, Paris, Germany, Berlin, Berlin, Germany, Hesse, Frankfurt, Ghana, Accra, Greece, Athens, Guatemala, Guatemala City, Honduras, Tegucigalpa, Hong Kong, Hong Kong, Hungary, Budapest, Iceland, Reykjavik, India, Delhi, New Delhi, India, Karnataka, Bengaluru, India, Maharashtra, Mumbai, India, West Bengal, Kolkata, Indonesia, Jakarta Special Capital Region, Jakarta, Iran, Tehran, Iraq, Baghdad, Ireland, Dublin, Israel, Jerusalem, Italy, Rome, Jamaica, Kingston, Japan, Tokyo, Jordan, Amman, Kazakhstan, Almaty, Kenya, Nairobi, Kiribati, Christmas Island, Kiritimati, Kuwait, Kuwait City]
Sorted column (1): [Afghanistan, Kabul, Algeria, Algiers, Argentina, Buenos Aires, Australia, Australian Capital Territory, Canberra *, Australia, New South Wales, Sydney *, Australia, Northern Territory, Darwin, Australia, Queensland, Brisbane, Australia, South Australia, Adelaide *, Australia, Victoria, Melbourne *, Australia, Western Australia, Perth, Austria, Vienna, Vienna, Bahamas, Nassau, Bangladesh, Dhaka, Belarus, Minsk, Belgium, Brussels, Brussels, Bolivia, La Paz, Brazil, Distrito Federal, Brasilia, Brazil, Rio de Janeiro, Rio de Janeiro, Brazil, São Paulo, São Paulo, Bulgaria, Sofia, Canada, Alberta, Calgary, Canada, Alberta, Edmonton, Canada, British Columbia, Vancouver, Canada, Manitoba, Winnipeg, Canada, Newfoundland and Labrador, St. John's, Canada, Nova Scotia, Halifax, Canada, Ontario, Ottawa, Canada, Ontario, Toronto, Canada, Quebec, Montréal, Chile, Santiago *, China, Beijing Municipality, Beijing, China, Shanghai Municipality, Shanghai, Colombia, Bogota, Congo Dem. Rep., Kinshasa, Croatia, Zagreb, Cuba, Havana, Czechia, Prague, Denmark, Copenhagen, Dominican Republic, Santo Domingo, Egypt, Cairo, El Salvador, San Salvador, Estonia, Tallinn, Ethiopia, Addis Ababa, Fiji, Suva, Finland, Helsinki, France, Paris, Paris, Germany, Berlin, Berlin, Germany, Hesse, Frankfurt, Ghana, Accra, Greece, Athens, Guatemala, Guatemala City, Honduras, Tegucigalpa, Hong Kong, Hong Kong, Hungary, Budapest, Iceland, Reykjavik, India, Delhi, New Delhi, India, Karnataka, Bengaluru, India, Maharashtra, Mumbai, India, West Bengal, Kolkata, Indonesia, Jakarta Special Capital Region, Jakarta, Iran, Tehran, Iraq, Baghdad, Ireland, Dublin, Israel, Jerusalem, Italy, Rome, Jamaica, Kingston, Japan, Tokyo, Jordan, Amman, Kazakhstan, Almaty, Kenya, Nairobi, Kiribati, Christmas Island, Kiritimati, Kuwait, Kuwait City]
Cerrando WebDriver...
]]></system-out>
    <system-err><![CDATA[dic 02, 2024 6:00:51 P.M. org.openqa.selenium.devtools.CdpVersionFinder findNearestMatch
WARNING: Unable to find CDP implementation matching 131
dic 02, 2024 6:00:51 P.M. org.openqa.selenium.chromium.ChromiumDriver lambda$new$5
WARNING: Unable to find version of CDP to use for 131.0.6778.86. You may need to include a dependency on a specific version of the CDP using something similar to `org.seleniumhq.selenium:selenium-devtools-v86:4.19.1` where the version ("v86") matches the version of the chromium-based browser you're using and the version number of the artifact is the same as Selenium's.
]]></system-err>
  </testcase>
  <testcase name="stopTimer" classname="com.endava.training.tests.CalendarTests" time="51.454">
    <system-out><![CDATA[Cerrando WebDriver...
]]></system-out>
    <system-err><![CDATA[dic 02, 2024 6:01:52 P.M. org.openqa.selenium.devtools.CdpVersionFinder findNearestMatch
WARNING: Unable to find CDP implementation matching 131
dic 02, 2024 6:01:52 P.M. org.openqa.selenium.chromium.ChromiumDriver lambda$new$5
WARNING: Unable to find version of CDP to use for 131.0.6778.86. You may need to include a dependency on a specific version of the CDP using something similar to `org.seleniumhq.selenium:selenium-devtools-v86:4.19.1` where the version ("v86") matches the version of the chromium-based browser you're using and the version number of the artifact is the same as Selenium's.
]]></system-err>
  </testcase>
</testsuite>