<?xml version="1.0" encoding="UTF-8"?>
<testsuite xmlns:xsi="http://www.w3.org/2001/XMLSchema-instance" xsi:noNamespaceSchemaLocation="https://maven.apache.org/surefire/maven-surefire-plugin/xsd/surefire-test-report.xsd" version="3.0.2" name="com.endava.training.tests.CalendarTests" time="214.986" tests="3" errors="1" skipped="0" failures="0">
  <properties>
[...]
</properties>
  <testcase name="timerToDate" classname="com.endava.training.tests.CalendarTests" time="66.827">
    <error message="stale element reference: stale element not found in the current frame&#10;  (Session info: chrome=131.0.6778.86)&#10;For documentation on this error, please visit: https://www.selenium.dev/documentation/webdriver/troubleshooting/errors#stale-element-reference-exception&#10;Build info: version: &apos;4.19.1&apos;, revision: &apos;abe0ee07dc&apos;&#10;System info: os.name: &apos;Windows 11&apos;, os.arch: &apos;amd64&apos;, os.version: &apos;10.0&apos;, java.version: &apos;23.0.1&apos;&#10;Driver info: org.openqa.selenium.chrome.ChromeDriver&#10;Command: [e22c1710613d0a991e547f0dab6db252, isElementDisplayed {id=f.2BEB74C6EF5A501E2FF599E4E7BCEBD6.d.527AFA59018CD9EA62C0334E6034A64D.e.117}]&#10;Capabilities {acceptInsecureCerts: false, browserName: chrome, browserVersion: 131.0.6778.86, chrome: {chromedriverVersion: 131.0.6778.69 (77e2244bbcda..., userDataDir: C:\Users\JMADRI~1\AppData\L...}, fedcm:accounts: true, goog:chromeOptions: {debuggerAddress: localhost:58574}, networkConnectionEnabled: false, pageLoadStrategy: normal, platformName: windows, proxy: Proxy(), se:cdp: ws://localhost:58574/devtoo..., se:cdpVersion: 131.0.6778.86, setWindowRect: true, strictFileInteractability: false, timeouts: {implicit: 0, pageLoad: 300000, script: 30000}, unhandledPromptBehavior: dismiss and notify, webauthn:extension:credBlob: true, webauthn:extension:largeBlob: true, webauthn:extension:minPinLength: true, webauthn:extension:prf: true, webauthn:virtualAuthenticators: true}&#10;Element: [[ChromeDriver: chrome on windows (e22c1710613d0a991e547f0dab6db252)] -&gt; xpath: //table//a[contains(text(), &apos;feb&apos;)]]&#10;Session ID: e22c1710613d0a991e547f0dab6db252" type="org.openqa.selenium.StaleElementReferenceException"><![CDATA[org.openqa.selenium.StaleElementReferenceException: 
stale element reference: stale element not found in the current frame
  (Session info: chrome=131.0.6778.86)
For documentation on this error, please visit: https://www.selenium.dev/documentation/webdriver/troubleshooting/errors#stale-element-reference-exception
Build info: version: '4.19.1', revision: 'abe0ee07dc'
System info: os.name: 'Windows 11', os.arch: 'amd64', os.version: '10.0', java.version: '23.0.1'
Driver info: org.openqa.selenium.chrome.ChromeDriver
Command: [e22c1710613d0a991e547f0dab6db252, isElementDisplayed {id=f.2BEB74C6EF5A501E2FF599E4E7BCEBD6.d.527AFA59018CD9EA62C0334E6034A64D.e.117}]
Capabilities {acceptInsecureCerts: false, browserName: chrome, browserVersion: 131.0.6778.86, chrome: {chromedriverVersion: 131.0.6778.69 (77e2244bbcda..., userDataDir: C:\Users\JMADRI~1\AppData\L...}, fedcm:accounts: true, goog:chromeOptions: {debuggerAddress: localhost:58574}, networkConnectionEnabled: false, pageLoadStrategy: normal, platformName: windows, proxy: Proxy(), se:cdp: ws://localhost:58574/devtoo..., se:cdpVersion: 131.0.6778.86, setWindowRect: true, strictFileInteractability: false, timeouts: {implicit: 0, pageLoad: 300000, script: 30000}, unhandledPromptBehavior: dismiss and notify, webauthn:extension:credBlob: true, webauthn:extension:largeBlob: true, webauthn:extension:minPinLength: true, webauthn:extension:prf: true, webauthn:virtualAuthenticators: true}
Element: [[ChromeDriver: chrome on windows (e22c1710613d0a991e547f0dab6db252)] -> xpath: //table//a[contains(text(), 'feb')]]
Session ID: e22c1710613d0a991e547f0dab6db252
	at java.base/jdk.internal.reflect.DirectConstructorHandleAccessor.newInstance(DirectConstructorHandleAccessor.java:62)
	at java.base/java.lang.reflect.Constructor.newInstanceWithCaller(Constructor.java:501)
	at java.base/java.lang.reflect.Constructor.newInstance(Constructor.java:485)
	at org.openqa.selenium.remote.ErrorCodec.decode(ErrorCodec.java:167)
	at org.openqa.selenium.remote.codec.w3c.W3CHttpResponseCodec.decode(W3CHttpResponseCodec.java:138)
	at org.openqa.selenium.remote.codec.w3c.W3CHttpResponseCodec.decode(W3CHttpResponseCodec.java:50)
	at org.openqa.selenium.remote.HttpCommandExecutor.execute(HttpCommandExecutor.java:190)
	at org.openqa.selenium.remote.service.DriverCommandExecutor.invokeExecute(DriverCommandExecutor.java:216)
	at org.openqa.selenium.remote.service.DriverCommandExecutor.execute(DriverCommandExecutor.java:174)
	at org.openqa.selenium.remote.RemoteWebDriver.execute(RemoteWebDriver.java:518)
	at org.openqa.selenium.remote.RemoteWebElement.execute(RemoteWebElement.java:223)
	at org.openqa.selenium.remote.RemoteWebElement.isDisplayed(RemoteWebElement.java:282)
	at java.base/jdk.internal.reflect.DirectMethodHandleAccessor.invoke(DirectMethodHandleAccessor.java:103)
	at java.base/java.lang.reflect.Method.invoke(Method.java:580)
	at org.openqa.selenium.support.pagefactory.internal.LocatingElementHandler.invoke(LocatingElementHandler.java:51)
	at jdk.proxy2/jdk.proxy2.$Proxy14.isDisplayed(Unknown Source)
	at org.openqa.selenium.support.ui.ExpectedConditions.elementIfVisible(ExpectedConditions.java:304)
	at org.openqa.selenium.support.ui.ExpectedConditions$10.apply(ExpectedConditions.java:290)
	at org.openqa.selenium.support.ui.ExpectedConditions$10.apply(ExpectedConditions.java:287)
	at org.openqa.selenium.support.ui.ExpectedConditions$23.apply(ExpectedConditions.java:656)
	at org.openqa.selenium.support.ui.ExpectedConditions$23.apply(ExpectedConditions.java:652)
	at org.openqa.selenium.support.ui.FluentWait.until(FluentWait.java:203)
	at com.endava.training.Page.Calendar.CountdownTodate.clickFebruary(CountdownTodate.java:108)
	at com.endava.training.tests.CalendarTests.timerToDate(CalendarTests.java:66)
	at java.base/java.lang.reflect.Method.invoke(Method.java:580)
	at java.base/java.util.ArrayList.forEach(ArrayList.java:1597)
	at java.base/java.util.ArrayList.forEach(ArrayList.java:1597)
]]></error>
    <system-out><![CDATA[Cerrando WebDriver...
]]></system-out>
    <system-err><![CDATA[dic 02, 2024 6:43:24 P.M. org.openqa.selenium.devtools.CdpVersionFinder findNearestMatch
WARNING: Unable to find CDP implementation matching 131
dic 02, 2024 6:43:24 P.M. org.openqa.selenium.chromium.ChromiumDriver lambda$new$5
WARNING: Unable to find version of CDP to use for 131.0.6778.86. You may need to include a dependency on a specific version of the CDP using something similar to `org.seleniumhq.selenium:selenium-devtools-v86:4.19.1` where the version ("v86") matches the version of the chromium-based browser you're using and the version number of the artifact is the same as Selenium's.
]]></system-err>
  </testcase>
  <testcase name="worldClockAlphabeticOrder" classname="com.endava.training.tests.CalendarTests" time="55.401">
    <system-out><![CDATA[Original column (1): [Accra, Addis Ababa, Adelaide *, Algiers, Almaty, Amman, Amsterdam, Anadyr, Anchorage, Ankara, Antananarivo, Asuncion, Athens, Atlanta, Auckland *, Baghdad, Bangkok, Barcelona, Beijing, Beirut, Belgrade, Bengaluru, Berlin, Bogota, Boston, Brasilia, Brisbane, Brussels, Bucharest]
Sorted column (1): [Accra, Addis Ababa, Adelaide *, Algiers, Almaty, Amman, Amsterdam, Anadyr, Anchorage, Ankara, Antananarivo, Asuncion, Athens, Atlanta, Auckland *, Baghdad, Bangkok, Barcelona, Beijing, Beirut, Belgrade, Bengaluru, Berlin, Bogota, Boston, Brasilia, Brisbane, Brussels, Bucharest]
Original column (1): [Afghanistan, Kabul, Algeria, Algiers, Argentina, Buenos Aires, Australia, Australian Capital Territory, Canberra *, Australia, New South Wales, Sydney *, Australia, Northern Territory, Darwin, Australia, Queensland, Brisbane, Australia, South Australia, Adelaide *, Australia, Victoria, Melbourne *, Australia, Western Australia, Perth, Austria, Vienna, Vienna, Bahamas, Nassau, Bangladesh, Dhaka, Belarus, Minsk, Belgium, Brussels, Brussels, Bolivia, La Paz, Brazil, Distrito Federal, Brasilia, Brazil, Rio de Janeiro, Rio de Janeiro, Brazil, São Paulo, São Paulo, Bulgaria, Sofia, Canada, Alberta, Calgary, Canada, Alberta, Edmonton, Canada, British Columbia, Vancouver, Canada, Manitoba, Winnipeg, Canada, Newfoundland and Labrador, St. John's, Canada, Nova Scotia, Halifax, Canada, Ontario, Ottawa, Canada, Ontario, Toronto, Canada, Quebec, Montréal, Chile, Santiago *, China, Beijing Municipality, Beijing, China, Shanghai Municipality, Shanghai, Colombia, Bogota, Congo Dem. Rep., Kinshasa, Croatia, Zagreb, Cuba, Havana, Czechia, Prague, Denmark, Copenhagen, Dominican Republic, Santo Domingo, Egypt, Cairo, El Salvador, San Salvador, Estonia, Tallinn, Ethiopia, Addis Ababa, Fiji, Suva, Finland, Helsinki, France, Paris, Paris, Germany, Berlin, Berlin, Germany, Hesse, Frankfurt, Ghana, Accra, Greece, Athens, Guatemala, Guatemala City, Honduras, Tegucigalpa, Hong Kong, Hong Kong, Hungary, Budapest, Iceland, Reykjavik, India, Delhi, New Delhi, India, Karnataka, Bengaluru, India, Maharashtra, Mumbai, India, West Bengal, Kolkata, Indonesia, Jakarta Special Capital Region, Jakarta, Iran, Tehran, Iraq, Baghdad, Ireland, Dublin, Israel, Jerusalem, Italy, Rome, Jamaica, Kingston, Japan, Tokyo, Jordan, Amman, Kazakhstan, Almaty, Kenya, Nairobi, Kiribati, Christmas Island, Kiritimati, Kuwait, Kuwait City]
Sorted column (1): [Afghanistan, Kabul, Algeria, Algiers, Argentina, Buenos Aires, Australia, Australian Capital Territory, Canberra *, Australia, New South Wales, Sydney *, Australia, Northern Territory, Darwin, Australia, Queensland, Brisbane, Australia, South Australia, Adelaide *, Australia, Victoria, Melbourne *, Australia, Western Australia, Perth, Austria, Vienna, Vienna, Bahamas, Nassau, Bangladesh, Dhaka, Belarus, Minsk, Belgium, Brussels, Brussels, Bolivia, La Paz, Brazil, Distrito Federal, Brasilia, Brazil, Rio de Janeiro, Rio de Janeiro, Brazil, São Paulo, São Paulo, Bulgaria, Sofia, Canada, Alberta, Calgary, Canada, Alberta, Edmonton, Canada, British Columbia, Vancouver, Canada, Manitoba, Winnipeg, Canada, Newfoundland and Labrador, St. John's, Canada, Nova Scotia, Halifax, Canada, Ontario, Ottawa, Canada, Ontario, Toronto, Canada, Quebec, Montréal, Chile, Santiago *, China, Beijing Municipality, Beijing, China, Shanghai Municipality, Shanghai, Colombia, Bogota, Congo Dem. Rep., Kinshasa, Croatia, Zagreb, Cuba, Havana, Czechia, Prague, Denmark, Copenhagen, Dominican Republic, Santo Domingo, Egypt, Cairo, El Salvador, San Salvador, Estonia, Tallinn, Ethiopia, Addis Ababa, Fiji, Suva, Finland, Helsinki, France, Paris, Paris, Germany, Berlin, Berlin, Germany, Hesse, Frankfurt, Ghana, Accra, Greece, Athens, Guatemala, Guatemala City, Honduras, Tegucigalpa, Hong Kong, Hong Kong, Hungary, Budapest, Iceland, Reykjavik, India, Delhi, New Delhi, India, Karnataka, Bengaluru, India, Maharashtra, Mumbai, India, West Bengal, Kolkata, Indonesia, Jakarta Special Capital Region, Jakarta, Iran, Tehran, Iraq, Baghdad, Ireland, Dublin, Israel, Jerusalem, Italy, Rome, Jamaica, Kingston, Japan, Tokyo, Jordan, Amman, Kazakhstan, Almaty, Kenya, Nairobi, Kiribati, Christmas Island, Kiritimati, Kuwait, Kuwait City]
Cerrando WebDriver...
]]></system-out>
    <system-err><![CDATA[dic 02, 2024 6:44:31 P.M. org.openqa.selenium.devtools.CdpVersionFinder findNearestMatch
WARNING: Unable to find CDP implementation matching 131
dic 02, 2024 6:44:31 P.M. org.openqa.selenium.chromium.ChromiumDriver lambda$new$5
WARNING: Unable to find version of CDP to use for 131.0.6778.86. You may need to include a dependency on a specific version of the CDP using something similar to `org.seleniumhq.selenium:selenium-devtools-v86:4.19.1` where the version ("v86") matches the version of the chromium-based browser you're using and the version number of the artifact is the same as Selenium's.
]]></system-err>
  </testcase>
  <testcase name="stopTimer" classname="com.endava.training.tests.CalendarTests" time="92.624">
    <system-out><![CDATA[Cerrando WebDriver...
]]></system-out>
    <system-err><![CDATA[dic 02, 2024 6:45:26 P.M. org.openqa.selenium.devtools.CdpVersionFinder findNearestMatch
WARNING: Unable to find CDP implementation matching 131
dic 02, 2024 6:45:26 P.M. org.openqa.selenium.chromium.ChromiumDriver lambda$new$5
WARNING: Unable to find version of CDP to use for 131.0.6778.86. You may need to include a dependency on a specific version of the CDP using something similar to `org.seleniumhq.selenium:selenium-devtools-v86:4.19.1` where the version ("v86") matches the version of the chromium-based browser you're using and the version number of the artifact is the same as Selenium's.
]]></system-err>
  </testcase>
</testsuite>